{"sessionId": "4bdc7f", "hypothesisId": "C", "location": "diagnostics.py:run_all_diagnostics", "message": "auth context", "data": {"has_token": true, "property_id": "9a51890a-18ed-4378-8118-c85eb188393b"}, "timestamp": 1779743477937}
{"sessionId": "4bdc7f", "hypothesisId": "D", "location": "diagnostics.py:probe_http_module", "message": "probe response", "data": {"id": "properties", "path": "/api/v1/properties/", "status": 200, "latency_ms": 23.6}, "timestamp": 1779743477961}
{"sessionId": "4bdc7f", "hypothesisId": "D", "location": "diagnostics.py:probe_http_module", "message": "probe response", "data": {"id": "rooms", "path": "/api/v1/rooms/?limit=1&property_id=9a51890a-18ed-4378-8118-c85eb188393b", "status": 200, "latency_ms": 25.6}, "timestamp": 1779743477987}
{"sessionId": "4bdc7f", "hypothesisId": "D", "location": "diagnostics.py:probe_http_module", "message": "probe response", "data": {"id": "tasks", "path": "/api/v1/tasks/?limit=1&property_id=9a51890a-18ed-4378-8118-c85eb188393b", "status": 200, "latency_ms": 36.6}, "timestamp": 1779743478026}
{"sessionId": "4bdc7f", "hypothesisId": "D", "location": "diagnostics.py:probe_http_module", "message": "probe response", "data": {"id": "tickets", "path": "/api/v1/tickets/?limit=1&property_id=9a51890a-18ed-4378-8118-c85eb188393b", "status": 200, "latency_ms": 28.5}, "timestamp": 1779743478055}
{"sessionId": "4bdc7f", "hypothesisId": "D", "location": "diagnostics.py:probe_http_module", "message": "probe response", "data": {"id": "employees", "path": "/api/v1/employees/?limit=1&property_id=9a51890a-18ed-4378-8118-c85eb188393b", "status": 200, "latency_ms": 30.8}, "timestamp": 1779743478086}
{"sessionId": "4bdc7f", "hypothesisId": "D", "location": "diagnostics.py:probe_http_module", "message": "probe response", "data": {"id": "inventory", "path": "/api/v1/inventory/items?limit=1&property_id=9a51890a-18ed-4378-8118-c85eb188393b", "status": 200, "latency_ms": 28.7}, "timestamp": 1779743478115}
{"sessionId": "4bdc7f", "hypothesisId": "D", "location": "diagnostics.py:probe_http_module", "message": "probe response", "data": {"id": "orders", "path": "/api/v1/orders/?limit=1&property_id=9a51890a-18ed-4378-8118-c85eb188393b", "status": 200, "latency_ms": 31.4}, "timestamp": 1779743478147}
{"sessionId": "4bdc7f", "hypothesisId": "D", "location": "diagnostics.py:probe_http_module", "message": "probe response", "data": {"id": "feedback", "path": "/api/v1/feedback/?limit=1&property_id=9a51890a-18ed-4378-8118-c85eb188393b", "status": 200, "latency_ms": 28.1}, "timestamp": 1779743478175}
{"sessionId": "4bdc7f", "hypothesisId": "D", "location": "diagnostics.py:probe_http_module", "message": "probe response", "data": {"id": "attendance", "path": "/api/v1/attendance/summary?property_id=9a51890a-18ed-4378-8118-c85eb188393b", "status": 200, "latency_ms": 36.2}, "timestamp": 1779743478212}
{"sessionId": "4bdc7f", "hypothesisId": "D", "location": "diagnostics.py:probe_http_module", "message": "probe response", "data": {"id": "reports", "path": "/api/v1/reports/occupancy?days=7&property_id=9a51890a-18ed-4378-8118-c85eb188393b", "status": 200, "latency_ms": 51.7}, "timestamp": 1779743478264}
{"sessionId": "4bdc7f", "hypothesisId": "D", "location": "diagnostics.py:probe_http_module", "message": "probe response", "data": {"id": "dashboard", "path": "/api/v1/dashboard/platform", "status": 200, "latency_ms": 83.2}, "timestamp": 1779743478348}
{"sessionId": "4bdc7f", "hypothesisId": "D", "location": "diagnostics.py:probe_http_module", "message": "probe response", "data": {"id": "plans", "path": "/api/v1/plans", "status": 200, "latency_ms": 25.3}, "timestamp": 1779743478374}
{"sessionId": "4bdc7f", "hypothesisId": "D", "location": "diagnostics.py:probe_http_module", "message": "probe response", "data": {"id": "pages", "path": "/api/v1/pages/slug/about", "status": 200, "latency_ms": 29.1}, "timestamp": 1779743478403}
{"sessionId": "4bdc7f", "hypothesisId": "D", "location": "diagnostics.py:probe_http_module", "message": "probe response", "data": {"id": "catalog", "path": "/api/v1/catalog/items?kind=amenity", "status": 200, "latency_ms": 29.3}, "timestamp": 1779743478433}
{"sessionId": "4bdc7f", "hypothesisId": "D", "location": "diagnostics.py:probe_http_module", "message": "probe response", "data": {"id": "vendors", "path": "/api/v1/vendors/?limit=1&property_id=9a51890a-18ed-4378-8118-c85eb188393b", "status": 200, "latency_ms": 27.4}, "timestamp": 1779743478461}
{"sessionId": "4bdc7f", "hypothesisId": "D", "location": "diagnostics.py:probe_http_module", "message": "probe response", "data": {"id": "laundry", "path": "/api/v1/laundry?limit=1&property_id=9a51890a-18ed-4378-8118-c85eb188393b", "status": 200, "latency_ms": 27.7}, "timestamp": 1779743478489}
{"sessionId": "4bdc7f", "hypothesisId": "D", "location": "diagnostics.py:probe_http_module", "message": "probe response", "data": {"id": "surveillance", "path": "/api/v1/surveillance/cameras?limit=1&property_id=9a51890a-18ed-4378-8118-c85eb188393b", "status": 200, "latency_ms": 37.2}, "timestamp": 1779743478527}
{"sessionId": "4bdc7f", "hypothesisId": "D", "location": "diagnostics.py:probe_http_module", "message": "probe response", "data": {"id": "benchmarks", "path": "/api/v1/benchmarks/categories?property_id=9a51890a-18ed-4378-8118-c85eb188393b", "status": 200, "latency_ms": 51.1}, "timestamp": 1779743478579}
{"sessionId": "4bdc7f", "hypothesisId": "D", "location": "diagnostics.py:probe_http_module", "message": "probe response", "data": {"id": "admin", "path": "/api/v1/admin/stats", "status": 200, "latency_ms": 46.2}, "timestamp": 1779743478625}
{"sessionId": "4bdc7f", "hypothesisId": "D", "location": "diagnostics.py:probe_http_module", "message": "probe response", "data": {"id": "system", "path": "/api/v1/system/db-tables", "status": 200, "latency_ms": 404.7}, "timestamp": 1779743479031}
{"sessionId": "4bdc7f", "hypothesisId": "D", "location": "diagnostics.py:probe_http_module", "message": "probe response", "data": {"id": "customers", "path": "/api/v1/admin/customers", "status": 200, "latency_ms": 31.7}, "timestamp": 1779743479063}
{"sessionId": "4bdc7f", "hypothesisId": "D", "location": "diagnostics.py:probe_http_module", "message": "probe response", "data": {"id": "property_groups", "path": "/api/v1/property-groups/?limit=1", "status": 200, "latency_ms": 38.8}, "timestamp": 1779743479102}
{"sessionId": "4bdc7f", "hypothesisId": "D", "location": "diagnostics.py:probe_http_module", "message": "probe response", "data": {"id": "departments", "path": "/api/v1/departments/?limit=1&property_id=9a51890a-18ed-4378-8118-c85eb188393b", "status": 200, "latency_ms": 36.8}, "timestamp": 1779743479140}
{"sessionId": "4bdc7f", "hypothesisId": "D", "location": "diagnostics.py:probe_http_module", "message": "probe response", "data": {"id": "room_categories", "path": "/api/v1/room-categories/?limit=1&property_id=9a51890a-18ed-4378-8118-c85eb188393b", "status": 200, "latency_ms": 37.7}, "timestamp": 1779743479178}
{"sessionId": "4bdc7f", "hypothesisId": "D", "location": "diagnostics.py:probe_http_module", "message": "probe response", "data": {"id": "notifications", "path": "/api/v1/notifications/?limit=1", "status": 200, "latency_ms": 31.2}, "timestamp": 1779743479209}
{"sessionId": "4bdc7f", "hypothesisId": "D", "location": "diagnostics.py:probe_http_module", "message": "probe response", "data": {"id": "guest_stays", "path": "/api/v1/guest-stays/?limit=1&property_id=9a51890a-18ed-4378-8118-c85eb188393b", "status": 200, "latency_ms": 29.1}, "timestamp": 1779743479239}
{"sessionId": "4bdc7f", "hypothesisId": "D", "location": "diagnostics.py:probe_http_module", "message": "probe response", "data": {"id": "onboarding", "path": "/api/v1/onboarding/steps", "status": 200, "latency_ms": 15.5}, "timestamp": 1779743479255}
{"sessionId": "4bdc7f", "hypothesisId": "D", "location": "diagnostics.py:probe_http_module", "message": "probe response", "data": {"id": "task_sla", "path": "/api/v1/task-sla-policies?property_id=9a51890a-18ed-4378-8118-c85eb188393b", "status": 200, "latency_ms": 24.3}, "timestamp": 1779743479280}
{"sessionId": "4bdc7f", "hypothesisId": "D", "location": "diagnostics.py:probe_http_module", "message": "probe response", "data": {"id": "support", "path": "/api/v1/support/admin/conversations", "status": 200, "latency_ms": 29.8}, "timestamp": 1779743479310}
{"sessionId": "4bdc7f", "hypothesisId": "D", "location": "diagnostics.py:probe_http_module", "message": "probe response", "data": {"id": "fb", "path": "/api/v1/fb/properties/9a51890a-18ed-4378-8118-c85eb188393b/outlets", "status": 200, "latency_ms": 29.3}, "timestamp": 1779743479340}
{"sessionId": "4bdc7f", "hypothesisId": "D", "location": "diagnostics.py:probe_http_module", "message": "probe response", "data": {"id": "contacts", "path": "/api/v1/contacts/properties/9a51890a-18ed-4378-8118-c85eb188393b", "status": 200, "latency_ms": 29.3}, "timestamp": 1779743479369}
